<?xml version="1.0" encoding="UTF-8"?>
<coverage generated="1680579333541" clover="3.2.0">
  <project timestamp="1680579333541" name="All files">
    <metrics statements="46" coveredstatements="42" conditionals="1" coveredconditionals="0" methods="14" coveredmethods="10" elements="61" coveredelements="52" complexity="0" loc="46" ncloc="46" packages="7" files="13" classes="13"/>
    <package name="components.Button">
      <metrics statements="6" coveredstatements="6" conditionals="1" coveredconditionals="0" methods="2" coveredmethods="2"/>
      <file name="Button.tsx" path="/Users/israelmoreno/Projects/Portafolio/rick-morty-memorama/src/components/Button/Button.tsx">
        <metrics statements="5" coveredstatements="5" conditionals="1" coveredconditionals="0" methods="1" coveredmethods="1"/>
        <line num="1" count="1" type="stmt"/>
        <line num="3" count="1" type="stmt"/>
        <line num="10" count="1" type="stmt"/>
        <line num="16" count="1" type="cond" truecount="0" falsecount="1"/>
        <line num="17" count="3" type="stmt"/>
      </file>
      <file name="index.ts" path="/Users/israelmoreno/Projects/Portafolio/rick-morty-memorama/src/components/Button/index.ts">
        <metrics statements="1" coveredstatements="1" conditionals="0" coveredconditionals="0" methods="1" coveredmethods="1"/>
        <line num="1" count="4" type="stmt"/>
      </file>
    </package>
    <package name="components.Typography">
      <metrics statements="12" coveredstatements="11" conditionals="0" coveredconditionals="0" methods="2" coveredmethods="1"/>
      <file name="Typography.tsx" path="/Users/israelmoreno/Projects/Portafolio/rick-morty-memorama/src/components/Typography/Typography.tsx">
        <metrics statements="11" coveredstatements="10" conditionals="0" coveredconditionals="0" methods="1" coveredmethods="0"/>
        <line num="1" count="1" type="stmt"/>
        <line num="3" count="1" type="stmt"/>
        <line num="4" count="1" type="stmt"/>
        <line num="5" count="1" type="stmt"/>
        <line num="6" count="1" type="stmt"/>
        <line num="12" count="1" type="stmt"/>
        <line num="13" count="0" type="stmt"/>
        <line num="16" count="1" type="stmt"/>
        <line num="17" count="1" type="stmt"/>
        <line num="18" count="1" type="stmt"/>
        <line num="19" count="1" type="stmt"/>
      </file>
      <file name="index.ts" path="/Users/israelmoreno/Projects/Portafolio/rick-morty-memorama/src/components/Typography/index.ts">
        <metrics statements="1" coveredstatements="1" conditionals="0" coveredconditionals="0" methods="1" coveredmethods="1"/>
        <line num="1" count="4" type="stmt"/>
      </file>
    </package>
    <package name="components.Typography.Heading1">
      <metrics statements="4" coveredstatements="3" conditionals="0" coveredconditionals="0" methods="2" coveredmethods="1"/>
      <file name="Heading1.tsx" path="/Users/israelmoreno/Projects/Portafolio/rick-morty-memorama/src/components/Typography/Heading1/Heading1.tsx">
        <metrics statements="3" coveredstatements="2" conditionals="0" coveredconditionals="0" methods="1" coveredmethods="0"/>
        <line num="3" count="1" type="stmt"/>
        <line num="5" count="1" type="stmt"/>
        <line num="6" count="0" type="stmt"/>
      </file>
      <file name="index.ts" path="/Users/israelmoreno/Projects/Portafolio/rick-morty-memorama/src/components/Typography/Heading1/index.ts">
        <metrics statements="1" coveredstatements="1" conditionals="0" coveredconditionals="0" methods="1" coveredmethods="1"/>
        <line num="1" count="2" type="stmt"/>
      </file>
    </package>
    <package name="components.Typography.Heading2">
      <metrics statements="4" coveredstatements="4" conditionals="0" coveredconditionals="0" methods="2" coveredmethods="2"/>
      <file name="Heading2.tsx" path="/Users/israelmoreno/Projects/Portafolio/rick-morty-memorama/src/components/Typography/Heading2/Heading2.tsx">
        <metrics statements="3" coveredstatements="3" conditionals="0" coveredconditionals="0" methods="1" coveredmethods="1"/>
        <line num="3" count="1" type="stmt"/>
        <line num="5" count="1" type="stmt"/>
        <line num="6" count="3" type="stmt"/>
      </file>
      <file name="index.ts" path="/Users/israelmoreno/Projects/Portafolio/rick-morty-memorama/src/components/Typography/Heading2/index.ts">
        <metrics statements="1" coveredstatements="1" conditionals="0" coveredconditionals="0" methods="1" coveredmethods="1"/>
        <line num="1" count="2" type="stmt"/>
      </file>
    </package>
    <package name="components.Typography.Text1">
      <metrics statements="4" coveredstatements="3" conditionals="0" coveredconditionals="0" methods="2" coveredmethods="1"/>
      <file name="Text1.tsx" path="/Users/israelmoreno/Projects/Portafolio/rick-morty-memorama/src/components/Typography/Text1/Text1.tsx">
        <metrics statements="3" coveredstatements="2" conditionals="0" coveredconditionals="0" methods="1" coveredmethods="0"/>
        <line num="3" count="1" type="stmt"/>
        <line num="5" count="1" type="stmt"/>
        <line num="6" count="0" type="stmt"/>
      </file>
      <file name="index.ts" path="/Users/israelmoreno/Projects/Portafolio/rick-morty-memorama/src/components/Typography/Text1/index.ts">
        <metrics statements="1" coveredstatements="1" conditionals="0" coveredconditionals="0" methods="1" coveredmethods="1"/>
        <line num="1" count="2" type="stmt"/>
      </file>
    </package>
    <package name="components.Typography.Text2">
      <metrics statements="3" coveredstatements="2" conditionals="0" coveredconditionals="0" methods="1" coveredmethods="0"/>
      <file name="Text2.tsx" path="/Users/israelmoreno/Projects/Portafolio/rick-morty-memorama/src/components/Typography/Text2/Text2.tsx">
        <metrics statements="3" coveredstatements="2" conditionals="0" coveredconditionals="0" methods="1" coveredmethods="0"/>
        <line num="3" count="1" type="stmt"/>
        <line num="5" count="1" type="stmt"/>
        <line num="6" count="0" type="stmt"/>
      </file>
    </package>
    <package name="utils.functions">
      <metrics statements="13" coveredstatements="13" conditionals="0" coveredconditionals="0" methods="3" coveredmethods="3"/>
      <file name="randomNumber.ts" path="/Users/israelmoreno/Projects/Portafolio/rick-morty-memorama/src/utils/functions/randomNumber.ts">
        <metrics statements="5" coveredstatements="5" conditionals="0" coveredconditionals="0" methods="2" coveredmethods="2"/>
        <line num="1" count="2" type="stmt"/>
        <line num="2" count="2" type="stmt"/>
        <line num="4" count="2" type="stmt"/>
        <line num="5" count="2" type="stmt"/>
        <line num="6" count="20" type="stmt"/>
      </file>
      <file name="suffle.ts" path="/Users/israelmoreno/Projects/Portafolio/rick-morty-memorama/src/utils/functions/suffle.ts">
        <metrics statements="8" coveredstatements="8" conditionals="0" coveredconditionals="0" methods="1" coveredmethods="1"/>
        <line num="1" count="1" type="stmt"/>
        <line num="2" count="1" type="stmt"/>
        <line num="3" count="1" type="stmt"/>
        <line num="4" count="9" type="stmt"/>
        <line num="5" count="9" type="stmt"/>
        <line num="6" count="9" type="stmt"/>
        <line num="7" count="9" type="stmt"/>
        <line num="9" count="1" type="stmt"/>
      </file>
    </package>
  </project>
</coverage>
