<?xml version="1.0" encoding="UTF-8"?>
<coverage generated="1680567725112" clover="3.2.0">
  <project timestamp="1680567725112" name="All files">
    <metrics statements="10" coveredstatements="10" conditionals="0" coveredconditionals="0" methods="3" coveredmethods="3" elements="13" coveredelements="13" complexity="0" loc="10" ncloc="10" packages="1" files="2" classes="2"/>
    <file name="randomNumber.ts" path="/Users/israelmoreno/Projects/Portafolio/rick-morty-memorama/src/utils/functions/randomNumber.ts">
      <metrics statements="2" coveredstatements="2" conditionals="0" coveredconditionals="0" methods="2" coveredmethods="2"/>
      <line num="1" count="2" type="stmt"/>
      <line num="2" count="20" type="stmt"/>
    </file>
    <file name="suffle.ts" path="/Users/israelmoreno/Projects/Portafolio/rick-morty-memorama/src/utils/functions/suffle.ts">
      <metrics statements="8" coveredstatements="8" conditionals="0" coveredconditionals="0" methods="1" coveredmethods="1"/>
      <line num="1" count="1" type="stmt"/>
      <line num="2" count="1" type="stmt"/>
      <line num="3" count="1" type="stmt"/>
      <line num="4" count="9" type="stmt"/>
      <line num="5" count="9" type="stmt"/>
      <line num="6" count="9" type="stmt"/>
      <line num="7" count="9" type="stmt"/>
      <line num="9" count="1" type="stmt"/>
    </file>
  </project>
</coverage>
