{"/Users/israelmoreno/Projects/Portafolio/rick-morty-memorama/src/utils/functions/randomNumber.ts": {"path":"/Users/israelmoreno/Projects/Portafolio/rick-morty-memorama/src/utils/functions/randomNumber.ts","statementMap":{"0":{"start":{"line":1,"column":29},"end":{"line":3,"column":1}},"1":{"start":{"line":2,"column":2},"end":{"line":2,"column":null}},"2":{"start":{"line":2,"column":47},"end":{"line":2,"column":88}},"3":{"start":{"line":1,"column":13},"end":{"line":1,"column":29}}},"fnMap":{"0":{"name":"(anonymous_0)","decl":{"start":{"line":1,"column":29},"end":{"line":1,"column":30}},"loc":{"start":{"line":1,"column":59},"end":{"line":3,"column":1}}},"1":{"name":"(anonymous_1)","decl":{"start":{"line":2,"column":41},"end":{"line":2,"column":44}},"loc":{"start":{"line":2,"column":47},"end":{"line":2,"column":88}}}},"branchMap":{},"s":{"0":2,"1":2,"2":20,"3":2},"f":{"0":2,"1":20},"b":{}}
,"/Users/israelmoreno/Projects/Portafolio/rick-morty-memorama/src/utils/functions/suffle.ts": {"path":"/Users/israelmoreno/Projects/Portafolio/rick-morty-memorama/src/utils/functions/suffle.ts","statementMap":{"0":{"start":{"line":2,"column":22},"end":{"line":2,"column":32}},"1":{"start":{"line":3,"column":2},"end":{"line":8,"column":null}},"2":{"start":{"line":3,"column":22},"end":{"line":3,"column":23}},"3":{"start":{"line":4,"column":27},"end":{"line":4,"column":69}},"4":{"start":{"line":5,"column":20},"end":{"line":5,"column":41}},"5":{"start":{"line":6,"column":4},"end":{"line":6,"column":null}},"6":{"start":{"line":7,"column":4},"end":{"line":7,"column":null}},"7":{"start":{"line":9,"column":2},"end":{"line":9,"column":null}},"8":{"start":{"line":1,"column":0},"end":{"line":1,"column":16}}},"fnMap":{"0":{"name":"suffle","decl":{"start":{"line":1,"column":16},"end":{"line":1,"column":22}},"loc":{"start":{"line":1,"column":36},"end":{"line":10,"column":1}}}},"branchMap":{},"s":{"0":1,"1":1,"2":1,"3":9,"4":9,"5":9,"6":9,"7":1,"8":1},"f":{"0":1},"b":{}}
}
